<?xml version="1.0" encoding="UTF-8"?>
<!-- Generated by org.testng.reporters.JUnitReportReporter -->
<testsuite skipped="0" hostname="VAIO" name="testCases.TC001" tests="1" failures="0" timestamp="28 Oct 2018 05:56:56 GMT" time="6.172" errors="0">
  <testcase name="tc001" time="6.172" classname="testCases.TC001"/>
</testsuite> <!-- testCases.TC001 -->
