<?xml version="1.0" encoding="UTF-8"?>
<!-- Generated by org.testng.reporters.JUnitReportReporter -->
<testsuite skipped="0" hostname="VAIO" name="FirstMavenProject.NewTest" tests="1" failures="0" timestamp="20 Oct 2018 15:03:42 GMT" time="0.031" errors="0">
  <testcase name="f" time="0.031" classname="FirstMavenProject.NewTest"/>
</testsuite> <!-- FirstMavenProject.NewTest -->
